# JRE version: Java(TM) SE Runtime Environment (8.0_60-b27) (build 1.8.0_60-b27)
# Java VM: Java HotSpot(TM) 64-Bit Server VM (25.60-b23 mixed mode windows-amd64 compressed oops)
Heap:
 PSYoungGen      total 286720K, used 286466K [0x00000000d5d80000, 0x0000000100000000, 0x0000000100000000)
  eden space 258560K, 99% used [0x00000000d5d80000,0x00000000e59f2ea0,0x00000000e5a00000)
  from space 28160K, 99% used [0x00000000fe480000,0x00000000fffcdcd8,0x0000000100000000)
  to   space 216064K, 0% used [0x00000000e5a00000,0x00000000e5a00000,0x00000000f2d00000)
 ParOldGen       total 1381888K, used 1229092K [0x0000000081800000, 0x00000000d5d80000, 0x00000000d5d80000)
  object space 1381888K, 88% used [0x0000000081800000,0x00000000cc8490b0,0x00000000d5d80000)
 Metaspace       used 4969K, capacity 5154K, committed 5248K, reserved 1056768K
  class space    used 525K, capacity 565K, committed 640K, reserved 1048576K
GC Heap History (10 events):
Event: 41.195 GC heap after
Heap after GC invocations=13 (full 1):
 PSYoungGen      total 662016K, used 19045K [0x00000000d5d80000, 0x0000000100000000, 0x0000000100000000)
  eden space 634368K, 0% used [0x00000000d5d80000,0x00000000d5d80000,0x00000000fc900000)
  from space 27648K, 68% used [0x00000000fe500000,0x00000000ff799480,0x0000000100000000)
  to   space 28160K, 0% used [0x00000000fc900000,0x00000000fc900000,0x00000000fe480000)
 ParOldGen       total 147968K, used 87738K [0x0000000081800000, 0x000000008a880000, 0x00000000d5d80000)
  object space 147968K, 59% used [0x0000000081800000,0x0000000086dae948,0x000000008a880000)
 Metaspace       used 4916K, capacity 5074K, committed 5248K, reserved 1056768K
  class space    used 520K, capacity 565K, committed 640K, reserved 1048576K
}
Event: 413.718 GC heap before
{Heap before GC invocations=14 (full 1):
 PSYoungGen      total 662016K, used 653283K [0x00000000d5d80000, 0x0000000100000000, 0x0000000100000000)
  eden space 634368K, 99% used [0x00000000d5d80000,0x00000000fc8dfa20,0x00000000fc900000)
  from space 27648K, 68% used [0x00000000fe500000,0x00000000ff799480,0x0000000100000000)
  to   space 28160K, 0% used [0x00000000fc900000,0x00000000fc900000,0x00000000fe480000)
 ParOldGen       total 147968K, used 87738K [0x0000000081800000, 0x000000008a880000, 0x00000000d5d80000)
  object space 147968K, 59% used [0x0000000081800000,0x0000000086dae948,0x000000008a880000)
 Metaspace       used 4969K, capacity 5154K, committed 5248K, reserved 1056768K
  class space    used 525K, capacity 565K, committed 640K, reserved 1048576K
Event: 414.030 GC heap after
Heap after GC invocations=14 (full 1):
 PSYoungGen      total 662528K, used 28133K [0x00000000d5d80000, 0x0000000100000000, 0x0000000100000000)
  eden space 634368K, 0% used [0x00000000d5d80000,0x00000000d5d80000,0x00000000fc900000)
  from space 28160K, 99% used [0x00000000fc900000,0x00000000fe4796c0,0x00000000fe480000)
  to   space 28160K, 0% used [0x00000000fe480000,0x00000000fe480000,0x0000000100000000)
 ParOldGen       total 608768K, used 608765K [0x0000000081800000, 0x00000000a6a80000, 0x00000000d5d80000)
  object space 608768K, 99% used [0x0000000081800000,0x00000000a6a7f658,0x00000000a6a80000)
 Metaspace       used 4969K, capacity 5154K, committed 5248K, reserved 1056768K
  class space    used 525K, capacity 565K, committed 640K, reserved 1048576K
}
Event: 414.030 GC heap before
{Heap before GC invocations=15 (full 2):
 PSYoungGen      total 662528K, used 28133K [0x00000000d5d80000, 0x0000000100000000, 0x0000000100000000)
  eden space 634368K, 0% used [0x00000000d5d80000,0x00000000d5d80000,0x00000000fc900000)
  from space 28160K, 99% used [0x00000000fc900000,0x00000000fe4796c0,0x00000000fe480000)
  to   space 28160K, 0% used [0x00000000fe480000,0x00000000fe480000,0x0000000100000000)
 ParOldGen       total 608768K, used 608765K [0x0000000081800000, 0x00000000a6a80000, 0x00000000d5d80000)
  object space 608768K, 99% used [0x0000000081800000,0x00000000a6a7f658,0x00000000a6a80000)
 Metaspace       used 4969K, capacity 5154K, committed 5248K, reserved 1056768K
  class space    used 525K, capacity 565K, committed 640K, reserved 1048576K
Event: 414.469 GC heap after
Heap after GC invocations=15 (full 2):
 PSYoungGen      total 662528K, used 22214K [0x00000000d5d80000, 0x0000000100000000, 0x0000000100000000)
  eden space 634368K, 0% used [0x00000000d5d80000,0x00000000d5d80000,0x00000000fc900000)
  from space 28160K, 78% used [0x00000000fc900000,0x00000000fdeb1878,0x00000000fe480000)
  to   space 28160K, 0% used [0x00000000fe480000,0x00000000fe480000,0x0000000100000000)
 ParOldGen       total 868352K, used 608648K [0x0000000081800000, 0x00000000b6800000, 0x00000000d5d80000)
  object space 868352K, 70% used [0x0000000081800000,0x00000000a6a623f8,0x00000000b6800000)
 Metaspace       used 4969K, capacity 5154K, committed 5248K, reserved 1056768K
  class space    used 525K, capacity 565K, committed 640K, reserved 1048576K
}
Event: 414.611 GC heap before
{Heap before GC invocations=16 (full 2):
 PSYoungGen      total 662528K, used 656582K [0x00000000d5d80000, 0x0000000100000000, 0x0000000100000000)
  eden space 634368K, 100% used [0x00000000d5d80000,0x00000000fc900000,0x00000000fc900000)
  from space 28160K, 78% used [0x00000000fc900000,0x00000000fdeb1878,0x00000000fe480000)
  to   space 28160K, 0% used [0x00000000fe480000,0x00000000fe480000,0x0000000100000000)
 ParOldGen       total 868352K, used 608648K [0x0000000081800000, 0x00000000b6800000, 0x00000000d5d80000)
  object space 868352K, 70% used [0x0000000081800000,0x00000000a6a623f8,0x00000000b6800000)
 Metaspace       used 4969K, capacity 5154K, committed 5248K, reserved 1056768K
  class space    used 525K, capacity 565K, committed 640K, reserved 1048576K
Event: 414.968 GC heap after
Heap after GC invocations=16 (full 2):
 PSYoungGen      total 286720K, used 27959K [0x00000000d5d80000, 0x0000000100000000, 0x0000000100000000)
  eden space 258560K, 0% used [0x00000000d5d80000,0x00000000d5d80000,0x00000000e5a00000)
  from space 28160K, 99% used [0x00000000fe480000,0x00000000fffcdcd8,0x0000000100000000)
  to   space 216064K, 0% used [0x00000000e5a00000,0x00000000e5a00000,0x00000000f2d00000)
 ParOldGen       total 1229312K, used 1229310K [0x0000000081800000, 0x00000000cc880000, 0x00000000d5d80000)
  object space 1229312K, 99% used [0x0000000081800000,0x00000000cc87fbc8,0x00000000cc880000)
 Metaspace       used 4969K, capacity 5154K, committed 5248K, reserved 1056768K
  class space    used 525K, capacity 565K, committed 640K, reserved 1048576K
}
Event: 414.968 GC heap before
{Heap before GC invocations=17 (full 3):
 PSYoungGen      total 286720K, used 27959K [0x00000000d5d80000, 0x0000000100000000, 0x0000000100000000)
  eden space 258560K, 0% used [0x00000000d5d80000,0x00000000d5d80000,0x00000000e5a00000)
  from space 28160K, 99% used [0x00000000fe480000,0x00000000fffcdcd8,0x0000000100000000)
  to   space 216064K, 0% used [0x00000000e5a00000,0x00000000e5a00000,0x00000000f2d00000)
 ParOldGen       total 1229312K, used 1229310K [0x0000000081800000, 0x00000000cc880000, 0x00000000d5d80000)
  object space 1229312K, 99% used [0x0000000081800000,0x00000000cc87fbc8,0x00000000cc880000)
 Metaspace       used 4969K, capacity 5154K, committed 5248K, reserved 1056768K
  class space    used 525K, capacity 565K, committed 640K, reserved 1048576K
Event: 415.397 GC heap after
Heap after GC invocations=17 (full 3):
 PSYoungGen      total 286720K, used 27959K [0x00000000d5d80000, 0x0000000100000000, 0x0000000100000000)
  eden space 258560K, 0% used [0x00000000d5d80000,0x00000000d5d80000,0x00000000e5a00000)
  from space 28160K, 99% used [0x00000000fe480000,0x00000000fffcdcd8,0x0000000100000000)
  to   space 216064K, 0% used [0x00000000e5a00000,0x00000000e5a00000,0x00000000f2d00000)
 ParOldGen       total 1381888K, used 1229092K [0x0000000081800000, 0x00000000d5d80000, 0x00000000d5d80000)
  object space 1381888K, 88% used [0x0000000081800000,0x00000000cc8490b0,0x00000000d5d80000)
 Metaspace       used 4969K, capacity 5154K, committed 5248K, reserved 1056768K
  class space    used 525K, capacity 565K, committed 640K, reserved 1048576K
}
Event: 415.457 GC heap before
{Heap before GC invocations=18 (full 4):
 PSYoungGen      total 286720K, used 286466K [0x00000000d5d80000, 0x0000000100000000, 0x0000000100000000)
  eden space 258560K, 99% used [0x00000000d5d80000,0x00000000e59f2ea0,0x00000000e5a00000)
  from space 28160K, 99% used [0x00000000fe480000,0x00000000fffcdcd8,0x0000000100000000)
  to   space 216064K, 0% used [0x00000000e5a00000,0x00000000e5a00000,0x00000000f2d00000)
 ParOldGen       total 1381888K, used 1229092K [0x0000000081800000, 0x00000000d5d80000, 0x00000000d5d80000)
  object space 1381888K, 88% used [0x0000000081800000,0x00000000cc8490b0,0x00000000d5d80000)
 Metaspace       used 4969K, capacity 5154K, committed 5248K, reserved 1056768K
  class space    used 525K, capacity 565K, committed 640K, reserved 1048576K

